<?xml version="1.0" encoding="UTF-8"?>
<testng-results skipped="0" failed="0" total="1" passed="1">
  <reporter-output>
  </reporter-output>
  <suite name="Default suite" duration-ms="29" started-at="2015-03-14T17:01:01Z" finished-at="2015-03-14T17:01:01Z">
    <groups>
    </groups>
    <test name="Default test" duration-ms="29" started-at="2015-03-14T17:01:01Z" finished-at="2015-03-14T17:01:01Z">
      <class name="com.thiagoh.cci.c1.Q1_1Test">
        <test-method status="PASS" signature="testUnique()[pri:0, instance:com.thiagoh.cci.c1.Q1_1Test@13066a26]" name="testUnique" duration-ms="15" started-at="2015-03-14T14:01:01Z" finished-at="2015-03-14T14:01:01Z">
          <reporter-output>
          </reporter-output>
        </test-method> <!-- testUnique -->
      </class> <!-- com.thiagoh.cci.c1.Q1_1Test -->
    </test> <!-- Default test -->
  </suite> <!-- Default suite -->
</testng-results>
